{
  "RSpec": {
    "coverage": {
      "/home/vagrant/workspace/stickers-management-v3/app/models/album.rb": [
        null,
        null,
        1,
        45,
        null,
        1,
        null,
        1,
        1,
        null,
        1,
        256,
        null,
        null
      ],
      "/home/vagrant/workspace/stickers-management-v3/app/models/application_record.rb": [
        null,
        null,
        1,
        1,
        null,
        1,
        210,
        null,
        null
      ],
      "/home/vagrant/workspace/stickers-management-v3/app/models/collector.rb": [
        null,
        null,
        1,
        30,
        null,
        1,
        null,
        1,
        1,
        1,
        null,
        1,
        195,
        null,
        null
      ],
      "/home/vagrant/workspace/stickers-management-v3/app/validators/email_validator.rb": [
        null,
        null,
        1,
        1,
        136,
        null,
        128,
        null,
        null
      ],
      "/home/vagrant/workspace/stickers-management-v3/app/models/sticker.rb": [
        null,
        null,
        1,
        1,
        null,
        16,
        17,
        34,
        65,
        34,
        null,
        1,
        null,
        1,
        1,
        null,
        1,
        null,
        1,
        17,
        1,
        16,
        1,
        null,
        15,
        null,
        null,
        null,
        1,
        16,
        null,
        1,
        null,
        null,
        1,
        1532,
        null,
        null
      ],
      "/home/vagrant/workspace/stickers-management-v3/app/controllers/api/v1/albums_controller.rb": [
        null,
        null,
        1,
        1,
        1,
        1,
        1,
        null,
        1,
        6,
        null,
        null,
        1,
        4,
        null,
        null,
        1,
        32,
        25,
        null,
        21,
        null,
        null,
        1,
        32,
        25,
        null,
        21,
        null,
        null,
        1,
        null,
        1,
        7,
        null,
        7,
        null,
        null,
        1,
        38,
        null,
        38,
        null,
        null,
        1,
        64,
        null,
        null,
        null,
        null
      ],
      "/home/vagrant/workspace/stickers-management-v3/app/controllers/application_controller.rb": [
        null,
        null,
        1,
        1,
        28,
        28,
        28,
        null,
        null,
        1,
        null,
        1,
        70,
        70,
        70,
        null,
        null,
        1,
        89,
        null,
        null
      ],
      "/home/vagrant/workspace/stickers-management-v3/app/controllers/api/v1/collections_controller.rb": [
        null,
        null,
        1,
        1,
        1,
        1,
        1,
        1,
        1,
        null,
        1,
        8,
        null,
        null,
        1,
        1,
        null,
        null,
        1,
        3,
        3,
        3,
        3,
        null,
        0,
        null,
        null,
        null,
        1,
        1,
        null,
        0,
        null,
        null,
        1,
        null,
        1,
        1473,
        null,
        null,
        1,
        1470,
        null,
        null,
        1,
        21,
        null,
        21,
        null,
        null,
        1,
        4,
        null,
        4,
        null,
        null,
        1,
        9,
        null,
        9,
        null,
        null,
        1,
        2,
        null,
        2,
        null,
        null,
        1,
        3,
        null,
        null,
        1,
        0,
        null,
        null,
        null,
        null
      ],
      "/home/vagrant/workspace/stickers-management-v3/app/controllers/api/v1/collectors_controller.rb": [
        null,
        null,
        1,
        1,
        1,
        1,
        null,
        1,
        3,
        null,
        null,
        1,
        38,
        31,
        null,
        28,
        null,
        null,
        1,
        1,
        null,
        0,
        null,
        null,
        1,
        null,
        1,
        6,
        null,
        6,
        null,
        null,
        1,
        38,
        null,
        null,
        null,
        null
      ],
      "/home/vagrant/workspace/stickers-management-v3/app/controllers/api/v1/stickers_controller.rb": [
        null,
        null,
        1,
        1,
        1,
        1,
        1,
        null,
        1,
        7,
        null,
        null,
        1,
        12,
        5,
        null,
        0,
        null,
        null,
        1,
        null,
        1,
        9,
        null,
        9,
        null,
        null,
        1,
        8,
        null,
        8,
        null,
        null,
        1,
        13,
        null,
        13,
        null,
        null,
        1,
        12,
        null,
        null,
        null,
        null
      ],
      "/home/vagrant/workspace/stickers-management-v3/app/models/collection.rb": [
        null,
        null,
        1,
        1,
        1,
        1,
        null,
        14,
        12,
        null,
        1,
        null,
        1,
        1,
        null,
        1,
        107,
        null,
        null
      ],
      "/home/vagrant/workspace/stickers-management-v3/app/models/error.rb": [
        null,
        null,
        1,
        1,
        null,
        1,
        122,
        null,
        null,
        1,
        46,
        46,
        null,
        null,
        1,
        80,
        80,
        null,
        null,
        1,
        118,
        null,
        null
      ],
      "/home/vagrant/workspace/stickers-management-v3/app/serializers/album_serializer.rb": [
        null,
        null,
        1,
        1,
        null
      ],
      "/home/vagrant/workspace/stickers-management-v3/app/serializers/application_serializer.rb": [
        null,
        null,
        1,
        1,
        1,
        null,
        1,
        113,
        null,
        null,
        1,
        113,
        null,
        null
      ],
      "/home/vagrant/workspace/stickers-management-v3/app/serializers/collection_serializer.rb": [
        null,
        null,
        1,
        1,
        null,
        null,
        null,
        1,
        1,
        null,
        1,
        31,
        null,
        null,
        1,
        31,
        null,
        null,
        1,
        31,
        null,
        null,
        1,
        31,
        null,
        null,
        1,
        31,
        null,
        null,
        1,
        31,
        null,
        null
      ],
      "/home/vagrant/workspace/stickers-management-v3/app/serializers/collector_serializer.rb": [
        null,
        null,
        1,
        1,
        null
      ],
      "/home/vagrant/workspace/stickers-management-v3/app/serializers/error_serializer.rb": [
        null,
        null,
        1,
        1,
        null,
        1,
        1,
        118,
        118,
        null,
        null,
        1,
        null,
        1,
        114,
        130,
        130,
        130,
        130,
        null,
        null,
        null,
        null
      ],
      "/home/vagrant/workspace/stickers-management-v3/app/utils/datetime_util.rb": [
        null,
        null,
        1,
        1,
        1,
        301,
        null,
        299,
        null,
        null,
        null
      ],
      "/home/vagrant/workspace/stickers-management-v3/app/serializers/sticker_serializer.rb": [
        null,
        null,
        1,
        1,
        null
      ]
    },
    "timestamp": 1568934293
  }
}
